<?xml version="1.0" encoding="UTF-8"?>
<testsuite xmlns:xsi="http://www.w3.org/2001/XMLSchema-instance" xsi:noNamespaceSchemaLocation="https://maven.apache.org/surefire/maven-surefire-plugin/xsd/surefire-test-report.xsd" name="com.xhjc.plugin.AppTest" time="0.009" tests="1" errors="1" skipped="0" failures="0">
  <properties>
    <property name="sun.desktop" value="windows"/>
    <property name="awt.toolkit" value="sun.awt.windows.WToolkit"/>
    <property name="file.encoding.pkg" value="sun.io"/>
    <property name="java.specification.version" value="1.8"/>
    <property name="sun.cpu.isalist" value="amd64"/>
    <property name="sun.jnu.encoding" value="GBK"/>
    <property name="java.class.path" value="D:\workspaces\git_resources\KnowledgePoints\workspases\demo-mybatis\mybatisdemo\target\test-classes;D:\workspaces\git_resources\KnowledgePoints\workspases\demo-mybatis\mybatisdemo\target\classes;D:\.m2\repositoryMine\junit\junit\4.11\junit-4.11.jar;D:\.m2\repositoryMine\org\hamcrest\hamcrest-core\1.3\hamcrest-core-1.3.jar;D:\.m2\repositoryMine\mysql\mysql-connector-java\5.1.30\mysql-connector-java-5.1.30.jar;D:\.m2\repositoryMine\org\slf4j\slf4j-log4j12\1.7.25\slf4j-log4j12-1.7.25.jar;D:\.m2\repositoryMine\log4j\log4j\1.2.17\log4j-1.2.17.jar;D:\.m2\repositoryMine\org\slf4j\slf4j-api\1.7.25\slf4j-api-1.7.25.jar;D:\.m2\repositoryMine\org\mybatis\mybatis\3.5.0\mybatis-3.5.0.jar;D:\.m2\repositoryMine\org\mybatis\generator\mybatis-generator-maven-plugin\1.4.0\mybatis-generator-maven-plugin-1.4.0.jar;D:\.m2\repositoryMine\org\apache\maven\maven-plugin-api\3.6.2\maven-plugin-api-3.6.2.jar;D:\.m2\repositoryMine\org\apache\maven\maven-model\3.6.2\maven-model-3.6.2.jar;D:\.m2\repositoryMine\org\apache\maven\maven-artifact\3.6.2\maven-artifact-3.6.2.jar;D:\.m2\repositoryMine\org\apache\commons\commons-lang3\3.8.1\commons-lang3-3.8.1.jar;D:\.m2\repositoryMine\org\eclipse\sisu\org.eclipse.sisu.plexus\0.3.3\org.eclipse.sisu.plexus-0.3.3.jar;D:\.m2\repositoryMine\javax\enterprise\cdi-api\1.0\cdi-api-1.0.jar;D:\.m2\repositoryMine\javax\annotation\jsr250-api\1.0\jsr250-api-1.0.jar;D:\.m2\repositoryMine\javax\inject\javax.inject\1\javax.inject-1.jar;D:\.m2\repositoryMine\org\eclipse\sisu\org.eclipse.sisu.inject\0.3.3\org.eclipse.sisu.inject-0.3.3.jar;D:\.m2\repositoryMine\org\codehaus\plexus\plexus-component-annotations\1.5.5\plexus-component-annotations-1.5.5.jar;D:\.m2\repositoryMine\org\codehaus\plexus\plexus-utils\3.2.1\plexus-utils-3.2.1.jar;D:\.m2\repositoryMine\org\codehaus\plexus\plexus-classworlds\2.6.0\plexus-classworlds-2.6.0.jar;D:\.m2\repositoryMine\org\mybatis\generator\mybatis-generator-core\1.4.0\mybatis-generator-core-1.4.0.jar;D:\.m2\repositoryMine\org\mybatis\caches\mybatis-ehcache\1.1.0\mybatis-ehcache-1.1.0.jar;D:\.m2\repositoryMine\net\sf\ehcache\ehcache-core\2.6.11\ehcache-core-2.6.11.jar;"/>
    <property name="java.vm.vendor" value="Oracle Corporation"/>
    <property name="sun.arch.data.model" value="64"/>
    <property name="user.variant" value=""/>
    <property name="java.vendor.url" value="http://java.oracle.com/"/>
    <property name="user.timezone" value="Asia/Shanghai"/>
    <property name="java.vm.specification.version" value="1.8"/>
    <property name="os.name" value="Windows 10"/>
    <property name="user.country" value="CN"/>
    <property name="sun.java.launcher" value="SUN_STANDARD"/>
    <property name="sun.boot.library.path" value="D:\Program Files\eclipseNeon4.6\jdk1.8.0_60\jre\bin"/>
    <property name="sun.java.command" value="C:\Users\11511\AppData\Local\Temp\surefire2021193050758413637\surefirebooter4850182005885047222.jar C:\Users\11511\AppData\Local\Temp\surefire2021193050758413637 2020-05-03T16-22-00_014-jvmRun1 surefire6385195103209913563tmp surefire_06136673986824803100tmp"/>
    <property name="surefire.test.class.path" value="D:\workspaces\git_resources\KnowledgePoints\workspases\demo-mybatis\mybatisdemo\target\test-classes;D:\workspaces\git_resources\KnowledgePoints\workspases\demo-mybatis\mybatisdemo\target\classes;D:\.m2\repositoryMine\junit\junit\4.11\junit-4.11.jar;D:\.m2\repositoryMine\org\hamcrest\hamcrest-core\1.3\hamcrest-core-1.3.jar;D:\.m2\repositoryMine\mysql\mysql-connector-java\5.1.30\mysql-connector-java-5.1.30.jar;D:\.m2\repositoryMine\org\slf4j\slf4j-log4j12\1.7.25\slf4j-log4j12-1.7.25.jar;D:\.m2\repositoryMine\log4j\log4j\1.2.17\log4j-1.2.17.jar;D:\.m2\repositoryMine\org\slf4j\slf4j-api\1.7.25\slf4j-api-1.7.25.jar;D:\.m2\repositoryMine\org\mybatis\mybatis\3.5.0\mybatis-3.5.0.jar;D:\.m2\repositoryMine\org\mybatis\generator\mybatis-generator-maven-plugin\1.4.0\mybatis-generator-maven-plugin-1.4.0.jar;D:\.m2\repositoryMine\org\apache\maven\maven-plugin-api\3.6.2\maven-plugin-api-3.6.2.jar;D:\.m2\repositoryMine\org\apache\maven\maven-model\3.6.2\maven-model-3.6.2.jar;D:\.m2\repositoryMine\org\apache\maven\maven-artifact\3.6.2\maven-artifact-3.6.2.jar;D:\.m2\repositoryMine\org\apache\commons\commons-lang3\3.8.1\commons-lang3-3.8.1.jar;D:\.m2\repositoryMine\org\eclipse\sisu\org.eclipse.sisu.plexus\0.3.3\org.eclipse.sisu.plexus-0.3.3.jar;D:\.m2\repositoryMine\javax\enterprise\cdi-api\1.0\cdi-api-1.0.jar;D:\.m2\repositoryMine\javax\annotation\jsr250-api\1.0\jsr250-api-1.0.jar;D:\.m2\repositoryMine\javax\inject\javax.inject\1\javax.inject-1.jar;D:\.m2\repositoryMine\org\eclipse\sisu\org.eclipse.sisu.inject\0.3.3\org.eclipse.sisu.inject-0.3.3.jar;D:\.m2\repositoryMine\org\codehaus\plexus\plexus-component-annotations\1.5.5\plexus-component-annotations-1.5.5.jar;D:\.m2\repositoryMine\org\codehaus\plexus\plexus-utils\3.2.1\plexus-utils-3.2.1.jar;D:\.m2\repositoryMine\org\codehaus\plexus\plexus-classworlds\2.6.0\plexus-classworlds-2.6.0.jar;D:\.m2\repositoryMine\org\mybatis\generator\mybatis-generator-core\1.4.0\mybatis-generator-core-1.4.0.jar;D:\.m2\repositoryMine\org\mybatis\caches\mybatis-ehcache\1.1.0\mybatis-ehcache-1.1.0.jar;D:\.m2\repositoryMine\net\sf\ehcache\ehcache-core\2.6.11\ehcache-core-2.6.11.jar;"/>
    <property name="sun.cpu.endian" value="little"/>
    <property name="user.home" value="C:\Users\11511"/>
    <property name="user.language" value="zh"/>
    <property name="java.specification.vendor" value="Oracle Corporation"/>
    <property name="java.home" value="D:\Program Files\eclipseNeon4.6\jdk1.8.0_60\jre"/>
    <property name="basedir" value="D:\workspaces\git_resources\KnowledgePoints\workspases\demo-mybatis\mybatisdemo"/>
    <property name="file.separator" value="\"/>
    <property name="line.separator" value="&#10;"/>
    <property name="java.vm.specification.vendor" value="Oracle Corporation"/>
    <property name="java.specification.name" value="Java Platform API Specification"/>
    <property name="java.awt.graphicsenv" value="sun.awt.Win32GraphicsEnvironment"/>
    <property name="surefire.real.class.path" value="C:\Users\11511\AppData\Local\Temp\surefire2021193050758413637\surefirebooter4850182005885047222.jar"/>
    <property name="sun.boot.class.path" value="D:\Program Files\eclipseNeon4.6\jdk1.8.0_60\jre\lib\resources.jar;D:\Program Files\eclipseNeon4.6\jdk1.8.0_60\jre\lib\rt.jar;D:\Program Files\eclipseNeon4.6\jdk1.8.0_60\jre\lib\sunrsasign.jar;D:\Program Files\eclipseNeon4.6\jdk1.8.0_60\jre\lib\jsse.jar;D:\Program Files\eclipseNeon4.6\jdk1.8.0_60\jre\lib\jce.jar;D:\Program Files\eclipseNeon4.6\jdk1.8.0_60\jre\lib\charsets.jar;D:\Program Files\eclipseNeon4.6\jdk1.8.0_60\jre\lib\jfr.jar;D:\Program Files\eclipseNeon4.6\jdk1.8.0_60\jre\classes"/>
    <property name="user.script" value=""/>
    <property name="sun.management.compiler" value="HotSpot 64-Bit Tiered Compilers"/>
    <property name="java.runtime.version" value="1.8.0_60-b27"/>
    <property name="user.name" value="11511"/>
    <property name="path.separator" value=";"/>
    <property name="os.version" value="10.0"/>
    <property name="java.endorsed.dirs" value="D:\Program Files\eclipseNeon4.6\jdk1.8.0_60\jre\lib\endorsed"/>
    <property name="java.runtime.name" value="Java(TM) SE Runtime Environment"/>
    <property name="file.encoding" value="GBK"/>
    <property name="java.vm.name" value="Java HotSpot(TM) 64-Bit Server VM"/>
    <property name="localRepository" value="D:\.m2\repositoryMine"/>
    <property name="java.vendor.url.bug" value="http://bugreport.sun.com/bugreport/"/>
    <property name="java.io.tmpdir" value="C:\Users\11511\AppData\Local\Temp\"/>
    <property name="idea.version" value="2017.2.2"/>
    <property name="java.version" value="1.8.0_60"/>
    <property name="user.dir" value="D:\workspaces\git_resources\KnowledgePoints\workspases\demo-mybatis\mybatisdemo"/>
    <property name="os.arch" value="amd64"/>
    <property name="java.vm.specification.name" value="Java Virtual Machine Specification"/>
    <property name="java.awt.printerjob" value="sun.awt.windows.WPrinterJob"/>
    <property name="sun.os.patch.level" value=""/>
    <property name="java.library.path" value="D:\Program Files\eclipseNeon4.6\jdk1.8.0_60\jre\bin;C:\WINDOWS\Sun\Java\bin;C:\WINDOWS\system32;C:\WINDOWS;D:\Program Files\Xshell6\;D:\app\11511\product\11.2.0\client_1\bin;C:\WINDOWS\system32;C:\WINDOWS;C:\WINDOWS\System32\Wbem;C:\WINDOWS\System32\WindowsPowerShell\v1.0\;D:\Program Files\eclipseNeon4.6\jdk1.8.0_60\bin;D:\Program Files\eclipseNeon4.6\apache-maven-3.2.5\bin;C:\Program Files\TortoiseSVN\bin;C:\Program Files\Microsoft SQL Server\120\DTS\Binn\;C:\Program Files\Microsoft SQL Server\Client SDK\ODBC\110\Tools\Binn\;C:\Program Files (x86)\Microsoft SQL Server\120\Tools\Binn\;C:\Program Files\Microsoft SQL Server\120\Tools\Binn\;C:\Program Files (x86)\Microsoft SQL Server\120\Tools\Binn\ManagementStudio\;C:\Program Files (x86)\Microsoft SQL Server\120\DTS\Binn\;C:\WINDOWS\System32\OpenSSH\;C:\Program Files\OpenVPN\bin;D:\Program Files\gradle\bin;D:\Program Files\MongoDB\Server\3.2\bin;D:\Program Files\Git\cmd;C:\Program Files\MongoDB\Server\4.0\bin;D:\Program Files\PuTTY\;C:\Program Files (x86)\Rational;C:\Program Files (x86)\Rational\common;C:\Program Files (x86)\Microsoft SQL Server\140\Tools\Binn\;C:\Program Files\Microsoft SQL Server\140\Tools\Binn\;C:\Program Files (x86)\Microsoft SQL Server\140\DTS\Binn\;C:\Program Files\Microsoft SQL Server\140\DTS\Binn\;C:\Program Files\Microsoft SQL Server\Client SDK\ODBC\130\Tools\Binn\;D:\Program Files (x86)\Bitvise SSH Client;C:\Users\11511\AppData\Local\Microsoft\WindowsApps;C:\Users\11511\AppData\Local\Programs\Fiddler;C:\Users\11511\AppData\Local\Microsoft\WindowsApps;;."/>
    <property name="java.vm.info" value="mixed mode"/>
    <property name="java.vendor" value="Oracle Corporation"/>
    <property name="java.vm.version" value="25.60-b23"/>
    <property name="java.ext.dirs" value="D:\Program Files\eclipseNeon4.6\jdk1.8.0_60\jre\lib\ext;C:\WINDOWS\Sun\Java\lib\ext"/>
    <property name="sun.io.unicode.encoding" value="UnicodeLittle"/>
    <property name="java.class.version" value="52.0"/>
  </properties>
  <testcase name="test01" classname="com.xhjc.plugin.AppTest" time="0.008">
    <error message="Type interface com.xhjc.plugin.dao.EmployeeMapper is not known to the MapperRegistry." type="org.apache.ibatis.binding.BindingException">org.apache.ibatis.binding.BindingException: Type interface com.xhjc.plugin.dao.EmployeeMapper is not known to the MapperRegistry.
	at com.xhjc.plugin.AppTest.test01(AppTest.java:72)
</error>
  </testcase>
</testsuite>